=/pretest.json
{
  _: [],
  f: [
    '/home/runner/work/exp-to-determine-the-solubility-of-a-solid-in-the-given-solvent-iitb/exp-to-determine-the-solubility-of-a-solid-in-the-given-solvent-iitb/experiment/pretest.json'
  ],
  files: [
    '/home/runner/work/exp-to-determine-the-solubility-of-a-solid-in-the-given-solvent-iitb/exp-to-determine-the-solubility-of-a-solid-in-the-given-solvent-iitb/experiment/pretest.json'
  ],
  c: 'assessment',
  contentTypes: 'assessment',
  'content-types': 'assessment',
  '$0': 'validate'
}
Validated true
=/posttest.json
{
  _: [],
  f: [
    '/home/runner/work/exp-to-determine-the-solubility-of-a-solid-in-the-given-solvent-iitb/exp-to-determine-the-solubility-of-a-solid-in-the-given-solvent-iitb/experiment/posttest.json'
  ],
  files: [
    '/home/runner/work/exp-to-determine-the-solubility-of-a-solid-in-the-given-solvent-iitb/exp-to-determine-the-solubility-of-a-solid-in-the-given-solvent-iitb/experiment/posttest.json'
  ],
  c: 'assessment',
  contentTypes: 'assessment',
  'content-types': 'assessment',
  '$0': 'validate'
}
Validated true
