
/home/runner/work/exp-to-determine-the-solubility-of-a-solid-in-the-given-solvent-iitb/exp-to-determine-the-solubility-of-a-solid-in-the-given-solvent-iitb/experiment/simulation/js/activity1.js
    8:14   warning  'Pannel' is not defined                                no-undef
   14:10   warning  'start_act1' is defined but never used                 no-unused-vars
   21:10   warning  'move_to_activity3' is defined but never used          no-unused-vars
   24:5    warning  'activity6' is not defined                             no-undef
   33:5    warning  'global_score' is assigned a value but never used      no-unused-vars
   34:5    warning  'a1_panel' is defined but never used                   no-unused-vars
   35:5    warning  'all_text_content' is assigned a value but never used  no-unused-vars
   36:5    warning  'canvas_box_scale' is already defined                  no-redeclare
   36:5    warning  'canvas_box_scale' is assigned a value but never used  no-unused-vars
   39:5    warning  'a1_scene' is defined but never used                   no-unused-vars
   46:5    warning  'display_score' is defined but never used              no-unused-vars
   47:5    warning  'timer1' is assigned a value but never used            no-unused-vars
   62:17   warning  'Scene' is not defined                                 no-undef
   67:27   warning  'bootstrap' is not defined                             no-undef
  105:18   warning  'Chemistry' is not defined                             no-undef
  105:42   warning  'motor' is not defined                                 no-undef
  105:53   warning  'Chemistry' is not defined                             no-undef
  108:9    warning  'sq' is already defined                                no-redeclare
  108:18   warning  'Chemistry' is not defined                             no-undef
  108:42   warning  'sle' is not defined                                   no-undef
  108:51   warning  'Chemistry' is not defined                             no-undef
  111:9    warning  'sq' is already defined                                no-redeclare
  111:18   warning  'Chemistry' is not defined                             no-undef
  111:42   warning  'stirring_rod' is not defined                          no-undef
  111:60   warning  'Chemistry' is not defined                             no-undef
  114:9    warning  'sq' is already defined                                no-redeclare
  114:18   warning  'Chemistry' is not defined                             no-undef
  114:42   warning  'jcc' is not defined                                   no-undef
  114:51   warning  'Chemistry' is not defined                             no-undef
  117:9    warning  'sq' is already defined                                no-redeclare
  117:18   warning  'Chemistry' is not defined                             no-undef
  117:42   warning  'temp_indicator' is not defined                        no-undef
  117:62   warning  'Chemistry' is not defined                             no-undef
  120:9    warning  'sq' is already defined                                no-redeclare
  120:18   warning  'Chemistry' is not defined                             no-undef
  120:42   warning  'heat_bath' is not defined                             no-undef
  120:57   warning  'Chemistry' is not defined                             no-undef
  123:9    warning  'sq' is already defined                                no-redeclare
  123:18   warning  'Chemistry' is not defined                             no-undef
  123:42   warning  'cooling_bath' is not defined                          no-undef
  123:60   warning  'Chemistry' is not defined                             no-undef
  126:9    warning  'sq' is already defined                                no-redeclare
  126:18   warning  'Chemistry' is not defined                             no-undef
  126:42   warning  'stuffing_box' is not defined                          no-undef
  126:60   warning  'Chemistry' is not defined                             no-undef
  157:25   warning  'Chemistry' is not defined                             no-undef
  157:50   warning  'Chemistry' is not defined                             no-undef
  168:10   warning  'motor' is not defined                                 no-undef
  168:17   warning  'motor' is not defined                                 no-undef
  169:10   warning  'sle' is not defined                                   no-undef
  169:15   warning  'sle' is not defined                                   no-undef
  170:10   warning  'stirring_rod' is not defined                          no-undef
  170:24   warning  'stirring_rod' is not defined                          no-undef
  171:10   warning  'jcc' is not defined                                   no-undef
  171:15   warning  'jcc' is not defined                                   no-undef
  172:10   warning  'temp_indicator' is not defined                        no-undef
  172:26   warning  'temp_indicator' is not defined                        no-undef
  173:10   warning  'heat_bath' is not defined                             no-undef
  173:21   warning  'heat_bath' is not defined                             no-undef
  174:10   warning  'cooling_bath' is not defined                          no-undef
  174:24   warning  'cooling_bath' is not defined                          no-undef
  175:10   warning  'stuffing_box' is not defined                          no-undef
  175:24   warning  'stuffing_box' is not defined                          no-undef
  178:13   warning  'Chemistry' is not defined                             no-undef
  178:41   warning  'Chemistry' is not defined                             no-undef
  179:13   warning  'Chemistry' is not defined                             no-undef
  179:39   warning  'Chemistry' is not defined                             no-undef
  180:13   warning  'Chemistry' is not defined                             no-undef
  180:48   warning  'Chemistry' is not defined                             no-undef
  181:13   warning  'Chemistry' is not defined                             no-undef
  181:39   warning  'Chemistry' is not defined                             no-undef
  182:13   warning  'Chemistry' is not defined                             no-undef
  182:50   warning  'Chemistry' is not defined                             no-undef
  183:13   warning  'Chemistry' is not defined                             no-undef
  183:45   warning  'Chemistry' is not defined                             no-undef
  184:13   warning  'Chemistry' is not defined                             no-undef
  184:48   warning  'Chemistry' is not defined                             no-undef
  185:13   warning  'Chemistry' is not defined                             no-undef
  185:48   warning  'Chemistry' is not defined                             no-undef
  190:12   warning  Unexpected constant condition                          no-constant-condition
  212:49   warning  'Chemistry' is not defined                             no-undef
  215:39   warning  'bootstrap' is not defined                             no-undef
  247:30   warning  'Chemistry' is not defined                             no-undef
  247:73   warning  'Chemistry' is not defined                             no-undef
  275:13   warning  'bsOffcanvas' is already defined                       no-redeclare
  275:31   warning  'bootstrap' is not defined                             no-undef
  277:30   warning  'Chemistry' is not defined                             no-undef
  277:118  warning  'Chemistry' is not defined                             no-undef
  320:24   warning  'activity6' is not defined                             no-undef

/home/runner/work/exp-to-determine-the-solubility-of-a-solid-in-the-given-solvent-iitb/exp-to-determine-the-solubility-of-a-solid-in-the-given-solvent-iitb/experiment/simulation/js/activity5.js
    1:5   warning  'main_table_element' is assigned a value but never used            no-unused-vars
    2:5   warning  'delta_h_values' is assigned a value but never used                no-unused-vars
    3:5   warning  'p1' is assigned a value but never used                            no-unused-vars
    4:5   warning  'rho' is assigned a value but never used                           no-unused-vars
    5:5   warning  'g' is assigned a value but never used                             no-unused-vars
   33:17  warning  'main_table_data' is not defined                                   no-undef
   37:17  warning  'main_table_data' is not defined                                   no-undef
   38:17  warning  'main_table_data' is not defined                                   no-undef
   63:5   warning  'chart_bn' is assigned a value but never used                      no-unused-vars
   66:5   warning  'pp' is not defined                                                no-undef
   67:5   warning  'pp' is not defined                                                no-undef
   68:5   warning  'pp' is not defined                                                no-undef
   69:5   warning  'pp' is not defined                                                no-undef
   71:5   warning  'pp' is not defined                                                no-undef
   72:5   warning  'pp' is not defined                                                no-undef
   75:5   warning  'pp' is not defined                                                no-undef
   76:5   warning  'pp' is not defined                                                no-undef
   84:10  warning  'act5_show_values' is defined but never used                       no-unused-vars
   99:5   warning  'pp' is not defined                                                no-undef
  100:5   warning  'pp' is not defined                                                no-undef
  102:5   warning  'all_properties_without_table' is assigned a value but never used  no-unused-vars
  106:26  warning  'diameter' is not defined                                          no-undef
  108:26  warning  'ht_length' is not defined                                         no-undef
  115:26  warning  'metal' is not defined                                             no-undef
  117:26  warning  'cs_area' is not defined                                           no-undef
  124:26  warning  'density' is not defined                                           no-undef
  126:26  warning  'cp' is not defined                                                no-undef
  142:10  warning  'table_calculations' is defined but never used                     no-unused-vars
  143:5   warning  'pp' is not defined                                                no-undef
  144:5   warning  'pp' is not defined                                                no-undef
  145:5   warning  'pp' is not defined                                                no-undef
  146:5   warning  'pp' is not defined                                                no-undef
  147:5   warning  'pp' is not defined                                                no-undef
  148:5   warning  'pp' is not defined                                                no-undef
  151:10  warning  'act5_verify_obtable' is defined but never used                    no-unused-vars
  155:10  warning  'verify_values' is not defined                                     no-undef
  155:48  warning  't_values' is not defined                                          no-undef
  159:5   warning  'pp' is not defined                                                no-undef
  160:27  warning  'bootstrap' is not defined                                         no-undef
  163:10  warning  'complete_main_table' is defined but never used                    no-unused-vars
  165:5   warning  'pp' is not defined                                                no-undef
  166:5   warning  'pp' is not defined                                                no-undef
  183:13  warning  'main_table_data' is not defined                                   no-undef
  183:37  warning  'std_deviation' is not defined                                     no-undef
  183:51  warning  't_values' is not defined                                          no-undef
  186:15  warning  'main_table_data' is not defined                                   no-undef
  187:15  warning  'main_table_data' is not defined                                   no-undef
  188:15  warning  'main_table_data' is not defined                                   no-undef
  189:15  warning  'main_table_data' is not defined                                   no-undef
  193:17  warning  'main_table_data' is not defined                                   no-undef
  196:5   warning  'pp' is not defined                                                no-undef
  215:10  warning  'draw_chart' is defined but never used                             no-unused-vars
  217:5   warning  'pp' is not defined                                                no-undef
  218:5   warning  'pp' is not defined                                                no-undef
  219:25  warning  'main_table_data' is not defined                                   no-undef
  220:20  warning  'main_table_data' is not defined                                   no-undef
  221:19  warning  'main_table_data' is not defined                                   no-undef
  236:21  warning  'Chart' is not defined                                             no-undef
  297:11  warning  'regression_linear' is not defined                                 no-undef

/home/runner/work/exp-to-determine-the-solubility-of-a-solid-in-the-given-solvent-iitb/exp-to-determine-the-solubility-of-a-solid-in-the-given-solvent-iitb/experiment/simulation/js/activity6.js
   26:11  warning  'T' is not defined                             no-undef
   27:11  warning  'X' is not defined                             no-undef
   45:10  warning  'activity6' is defined but never used          no-unused-vars
   46:5   warning  'pp' is not defined                            no-undef
   47:5   warning  'pp' is not defined                            no-undef
   54:5   warning  'pp' is not defined                            no-undef
   55:5   warning  'pp' is not defined                            no-undef
   56:5   warning  'pp' is not defined                            no-undef
   58:5   warning  'pp' is not defined                            no-undef
   59:5   warning  'pp' is not defined                            no-undef
   62:10  warning  'complete_tab1' is defined but never used      no-unused-vars
   67:5   warning  'pp' is not defined                            no-undef
   69:25  warning  'T' is not defined                             no-undef
   87:15  warning  'T' is not defined                             no-undef
   88:15  warning  'X' is not defined                             no-undef
   89:15  warning  'X1' is not defined                            no-undef
   90:15  warning  'X2' is not defined                            no-undef
   97:25  warning  'Y' is not defined                             no-undef
   98:18  warning  'Y' is not defined                             no-undef
   99:19  warning  'X1' is not defined                            no-undef
  100:19  warning  'X2' is not defined                            no-undef
  132:5   warning  'pp' is not defined                            no-undef
  133:5   warning  'pp' is not defined                            no-undef
  135:10  warning  'act6_verify_tab1' is defined but never used   no-unused-vars
  139:10  warning  'verify_values' is not defined                 no-undef
  139:48  warning  'Y' is not defined                             no-undef
  143:10  warning  'verify_values' is not defined                 no-undef
  143:48  warning  'X1' is not defined                            no-undef
  147:10  warning  'verify_values' is not defined                 no-undef
  147:48  warning  'X2' is not defined                            no-undef
  152:5   warning  'pp' is not defined                            no-undef
  153:5   warning  'pp' is not defined                            no-undef
  156:10  warning  'verify_summations' is defined but never used  no-unused-vars
  162:10  warning  'verify_values' is not defined                 no-undef
  166:10  warning  'verify_values' is not defined                 no-undef
  170:10  warning  'verify_values' is not defined                 no-undef
  184:15  warning  'regression_linear_2variable' is not defined   no-undef
  184:43  warning  'X1' is not defined                            no-undef
  184:47  warning  'X2' is not defined                            no-undef
  184:51  warning  'Y' is not defined                             no-undef
  196:5   warning  'pp' is not defined                            no-undef
  197:5   warning  'pp' is not defined                            no-undef

/home/runner/work/exp-to-determine-the-solubility-of-a-solid-in-the-given-solvent-iitb/exp-to-determine-the-solubility-of-a-solid-in-the-given-solvent-iitb/experiment/simulation/js/activity7.js
  203:10  warning  'draw_chart' is defined but never used  no-unused-vars
  205:5   warning  'pp' is not defined                     no-undef
  206:5   warning  'pp' is not defined                     no-undef
  210:5   warning  'pp' is not defined                     no-undef
  211:25  warning  'main_table_data' is not defined        no-undef
  212:20  warning  'T' is not defined                      no-undef
  213:19  warning  'X' is not defined                      no-undef
  228:21  warning  'Chart' is not defined                  no-undef
  292:29  warning  'A' is not defined                      no-undef
  292:33  warning  'B' is not defined                      no-undef
  292:37  warning  'T' is not defined                      no-undef
  292:44  warning  'C' is not defined                      no-undef
  292:57  warning  'T' is not defined                      no-undef
  304:5   warning  'pp' is not defined                     no-undef
  313:10  warning  'myverify' is defined but never used    no-unused-vars
  316:14  warning  'verify_values' is not defined          no-undef

/home/runner/work/exp-to-determine-the-solubility-of-a-solid-in-the-given-solvent-iitb/exp-to-determine-the-solubility-of-a-solid-in-the-given-solvent-iitb/experiment/simulation/js/common.js
   1:10  warning  'verify_values' is defined but never used           no-unused-vars
  18:10  warning  'std_deviation' is defined but never used           no-unused-vars
  23:10  warning  'regression_linear' is defined but never used       no-unused-vars
  40:10  warning  'ascending_random_array' is defined but never used  no-unused-vars
  42:12  warning  Unexpected constant condition                       no-constant-condition

/home/runner/work/exp-to-determine-the-solubility-of-a-solid-in-the-given-solvent-iitb/exp-to-determine-the-solubility-of-a-solid-in-the-given-solvent-iitb/experiment/simulation/js/data.js
   1:5  warning  'table_1' is assigned a value but never used          no-unused-vars
   7:5  warning  'main_table_data' is assigned a value but never used  no-unused-vars
  18:5  warning  't_values' is assigned a value but never used         no-unused-vars
  29:5  warning  'table_2_data' is assigned a value but never used     no-unused-vars
  35:5  warning  'table_3' is assigned a value but never used          no-unused-vars
  37:5  warning  'd_set' is assigned a value but never used            no-unused-vars
  38:5  warning  'length_set' is assigned a value but never used       no-unused-vars
  39:5  warning  'metal_set' is assigned a value but never used        no-unused-vars
  40:5  warning  'diameter' is defined but never used                  no-unused-vars
  41:5  warning  'ht_length' is defined but never used                 no-unused-vars
  42:5  warning  'metal' is defined but never used                     no-unused-vars
  43:5  warning  'cs_area' is defined but never used                   no-unused-vars
  44:5  warning  'density' is assigned a value but never used          no-unused-vars
  45:5  warning  'cp' is assigned a value but never used               no-unused-vars

/home/runner/work/exp-to-determine-the-solubility-of-a-solid-in-the-given-solvent-iitb/exp-to-determine-the-solubility-of-a-solid-in-the-given-solvent-iitb/experiment/simulation/js/dummy.js
  2:14  warning  'Pannel' is not defined  no-undef

/home/runner/work/exp-to-determine-the-solubility-of-a-solid-in-the-given-solvent-iitb/exp-to-determine-the-solubility-of-a-solid-in-the-given-solvent-iitb/experiment/simulation/js/geomerty.js
   33:49   warning  'lscale' is not defined          no-undef
   34:49   warning  'lscale' is not defined          no-undef
   46:23   warning  'pt1' is defined but never used  no-unused-vars
   46:28   warning  'pt2' is defined but never used  no-unused-vars
   46:33   warning  'pt3' is defined but never used  no-unused-vars
   50:24   warning  'geo' is defined but never used  no-unused-vars
   69:44   warning  'lscale' is not defined          no-undef
   69:66   warning  'lscale' is not defined          no-undef
   69:88   warning  'lscale' is not defined          no-undef
   82:48   warning  'lscale' is not defined          no-undef
   83:48   warning  'lscale' is not defined          no-undef
  108:47   warning  'lscale' is not defined          no-undef
  108:69   warning  'lscale' is not defined          no-undef
  109:60   warning  'lscale' is not defined          no-undef
  109:95   warning  'lscale' is not defined          no-undef
  131:39   warning  'lscale' is not defined          no-undef
  131:57   warning  'lscale' is not defined          no-undef
  132:39   warning  'lscale' is not defined          no-undef
  132:57   warning  'lscale' is not defined          no-undef
  181:39   warning  'lscale' is not defined          no-undef
  181:57   warning  'lscale' is not defined          no-undef
  182:39   warning  'lscale' is not defined          no-undef
  182:57   warning  'lscale' is not defined          no-undef
  225:33   warning  'lscale' is not defined          no-undef
  226:33   warning  'lscale' is not defined          no-undef
  274:50   warning  'lscale' is not defined          no-undef
  274:72   warning  'lscale' is not defined          no-undef
  279:61   warning  'lscale' is not defined          no-undef
  279:84   warning  'lscale' is not defined          no-undef
  279:102  warning  'lscale' is not defined          no-undef
  279:120  warning  'lscale' is not defined          no-undef
  293:33   warning  'lscale' is not defined          no-undef
  294:33   warning  'lscale' is not defined          no-undef
  295:41   warning  'lscale' is not defined          no-undef
  295:64   warning  'lscale' is not defined          no-undef
  295:98   warning  'lscale' is not defined          no-undef
  295:121  warning  'lscale' is not defined          no-undef
  296:45   warning  'lscale' is not defined          no-undef
  296:68   warning  'lscale' is not defined          no-undef
  296:102  warning  'lscale' is not defined          no-undef
  296:125  warning  'lscale' is not defined          no-undef
  323:61   warning  'lscale' is not defined          no-undef
  323:90   warning  'lscale' is not defined          no-undef
  324:61   warning  'lscale' is not defined          no-undef
  324:96   warning  'lscale' is not defined          no-undef
  325:66   warning  'lscale' is not defined          no-undef
  325:101  warning  'lscale' is not defined          no-undef
  326:66   warning  'lscale' is not defined          no-undef
  326:100  warning  'lscale' is not defined          no-undef
  327:67   warning  'lscale' is not defined          no-undef
  327:101  warning  'lscale' is not defined          no-undef
  328:67   warning  'lscale' is not defined          no-undef
  328:96   warning  'lscale' is not defined          no-undef
  329:61   warning  'lscale' is not defined          no-undef
  329:90   warning  'lscale' is not defined          no-undef
  346:33   warning  'lscale' is not defined          no-undef
  347:33   warning  'lscale' is not defined          no-undef
  376:46   warning  'lscale' is not defined          no-undef
  382:50   warning  'lscale' is not defined          no-undef
  382:72   warning  'lscale' is not defined          no-undef
  411:52   warning  'lscale' is not defined          no-undef
  411:79   warning  'lscale' is not defined          no-undef
  413:56   warning  'lscale' is not defined          no-undef
  413:83   warning  'lscale' is not defined          no-undef
  450:50   warning  'lscale' is not defined          no-undef
  450:72   warning  'lscale' is not defined          no-undef
  456:61   warning  'lscale' is not defined          no-undef
  456:84   warning  'lscale' is not defined          no-undef
  456:102  warning  'lscale' is not defined          no-undef
  456:120  warning  'lscale' is not defined          no-undef
  470:33   warning  'lscale' is not defined          no-undef
  471:33   warning  'lscale' is not defined          no-undef
  472:41   warning  'lscale' is not defined          no-undef
  472:64   warning  'lscale' is not defined          no-undef
  472:98   warning  'lscale' is not defined          no-undef
  472:121  warning  'lscale' is not defined          no-undef
  473:45   warning  'lscale' is not defined          no-undef
  473:68   warning  'lscale' is not defined          no-undef
  473:102  warning  'lscale' is not defined          no-undef
  473:125  warning  'lscale' is not defined          no-undef
  502:50   warning  'lscale' is not defined          no-undef
  502:72   warning  'lscale' is not defined          no-undef
  507:139  warning  'lscale' is not defined          no-undef
  507:172  warning  'lscale' is not defined          no-undef
  507:205  warning  'lscale' is not defined          no-undef
  507:225  warning  'lscale' is not defined          no-undef
  528:50   warning  'lscale' is not defined          no-undef
  528:72   warning  'lscale' is not defined          no-undef
  533:139  warning  'lscale' is not defined          no-undef
  533:172  warning  'lscale' is not defined          no-undef
  533:205  warning  'lscale' is not defined          no-undef
  533:225  warning  'lscale' is not defined          no-undef
  555:50   warning  'lscale' is not defined          no-undef
  555:72   warning  'lscale' is not defined          no-undef
  560:133  warning  'lscale' is not defined          no-undef
  560:172  warning  'lscale' is not defined          no-undef
  560:205  warning  'lscale' is not defined          no-undef
  560:224  warning  'lscale' is not defined          no-undef
  584:39   warning  'lscale' is not defined          no-undef
  584:53   warning  'lscale' is not defined          no-undef
  585:39   warning  'lscale' is not defined          no-undef
  585:53   warning  'lscale' is not defined          no-undef
  586:39   warning  'lscale' is not defined          no-undef
  586:53   warning  'lscale' is not defined          no-undef
  587:39   warning  'lscale' is not defined          no-undef
  587:53   warning  'lscale' is not defined          no-undef
  594:36   warning  'lscale' is not defined          no-undef
  594:50   warning  'lscale' is not defined          no-undef
  594:63   warning  'lscale' is not defined          no-undef
  605:36   warning  'lscale' is not defined          no-undef
  605:50   warning  'lscale' is not defined          no-undef
  605:63   warning  'lscale' is not defined          no-undef
  632:46   warning  'lscale' is not defined          no-undef
  637:50   warning  'lscale' is not defined          no-undef
  637:72   warning  'lscale' is not defined          no-undef
  659:50   warning  'lscale' is not defined          no-undef
  659:72   warning  'lscale' is not defined          no-undef
  663:46   warning  'lscale' is not defined          no-undef
  664:46   warning  'lscale' is not defined          no-undef
  664:67   warning  'lscale' is not defined          no-undef
  665:49   warning  'lscale' is not defined          no-undef
  702:50   warning  'lscale' is not defined          no-undef
  702:72   warning  'lscale' is not defined          no-undef
  718:38   warning  'lscale' is not defined          no-undef
  718:51   warning  'lscale' is not defined          no-undef
  720:38   warning  'lscale' is not defined          no-undef
  722:38   warning  'lscale' is not defined          no-undef
  722:52   warning  'lscale' is not defined          no-undef

/home/runner/work/exp-to-determine-the-solubility-of-a-solid-in-the-given-solvent-iitb/exp-to-determine-the-solubility-of-a-solid-in-the-given-solvent-iitb/experiment/simulation/js/pannel.js
   8:7  warning  'Pannel' is defined but never used  no-unused-vars
  76:7  warning  'Table' is defined but never used   no-unused-vars

/home/runner/work/exp-to-determine-the-solubility-of-a-solid-in-the-given-solvent-iitb/exp-to-determine-the-solubility-of-a-solid-in-the-given-solvent-iitb/experiment/simulation/js/scene.js
   1:7    warning  'Scene' is defined but never used         no-unused-vars
  11:9    warning  'context' is not defined                  no-undef
  11:33   warning  'canvas' is not defined                   no-undef
  11:47   warning  'canvas' is not defined                   no-undef
  27:5    warning  'context' is not defined                  no-undef
  28:9    warning  'grd' is assigned a value but never used  no-unused-vars
  28:15   warning  'context' is not defined                  no-undef
  28:44   warning  'canvas' is not defined                   no-undef
  28:62   warning  'canvas' is not defined                   no-undef
  28:84   warning  'canvas' is not defined                   no-undef
  28:102  warning  'canvas' is not defined                   no-undef
  28:121  warning  'canvas' is not defined                   no-undef
  36:5    warning  'context' is not defined                  no-undef
  37:5    warning  'context' is not defined                  no-undef
  37:28   warning  'canvas' is not defined                   no-undef
  37:42   warning  'canvas' is not defined                   no-undef
  38:5    warning  'context' is not defined                  no-undef
  39:5    warning  'context' is not defined                  no-undef

/home/runner/work/exp-to-determine-the-solubility-of-a-solid-in-the-given-solvent-iitb/exp-to-determine-the-solubility-of-a-solid-in-the-given-solvent-iitb/experiment/simulation/js/test.js
  2:14  warning  'Pannel' is not defined                     no-undef
  4:5   warning  'table' is assigned a value but never used  no-unused-vars

✖ 376 problems (0 errors, 376 warnings)

